Detecting C compiler ABI info failed to compile with the following output:
Change Dir: C:/Users/Lyzander Johnson/Documents/GitHub/TGoL/lib/CMakeFiles/CMakeScratch/TryCompile-mb6u3r

Run Build Command(s):C:/Program Files/Microsoft Visual Studio/2022/Community/Common7/IDE/CommonExtensions/Microsoft/CMake/Ninja/ninja.exe cmTC_00a6e && [1/2] Building C object CMakeFiles\cmTC_00a6e.dir\CMakeCCompilerABI.c.obj
cl : Command line warning D9002 : ignoring unknown option '-g'
[2/2] Linking C executable cmTC_00a6e.exe
FAILED: cmTC_00a6e.exe 
cmd.exe /C "cd . && "C:\Program Files\Microsoft Visual Studio\2022\Community\Common7\IDE\CommonExtensions\Microsoft\CMake\CMake\bin\cmake.exe" -E vs_link_exe --intdir=CMakeFiles\cmTC_00a6e.dir --rc=C:\msys64\usr\bin\windres.exe --mt=C:\PROGRA~2\WI3CF2~1\10\bin\100226~1.0\x64\mt.exe --manifests  -- C:\msys64\usr\bin\ld.exe /nologo CMakeFiles\cmTC_00a6e.dir\CMakeCCompilerABI.c.obj  /out:cmTC_00a6e.exe /implib:cmTC_00a6e.lib /pdb:cmTC_00a6e.pdb /version:0.0 /debug /INCREMENTAL /subsystem:console  kernel32.lib user32.lib gdi32.lib winspool.lib shell32.lib ole32.lib oleaut32.lib uuid.lib comdlg32.lib advapi32.lib && cd ."
RC Pass 1: command "C:\msys64\usr\bin\windres.exe /fo CMakeFiles\cmTC_00a6e.dir/manifest.res CMakeFiles\cmTC_00a6e.dir/manifest.rc" failed (exit code 1) with the following output:
Usage: /usr/bin/windres [option(s)] [input-file] [output-file]
 The options are:
  -i --input=<file>            Name input file
  -o --output=<file>           Name output file
  -J --input-format=<format>   Specify input format
  -O --output-format=<format>  Specify output format
  -F --target=<target>         Specify COFF target
     --preprocessor=<program>  Program to use to preprocess rc file
     --preprocessor-arg=<arg>  Additional preprocessor argument
  -I --include-dir=<dir>       Include directory when preprocessing rc file
  -D --define <sym>[=<val>]    Define SYM when preprocessing rc file
  -U --undefine <sym>          Undefine SYM when preprocessing rc file
  -v --verbose                 Verbose - tells you what it's doing
  -c --codepage=<codepage>     Specify default codepage
  -l --language=<val>          Set language when reading rc file
     --use-temp-file           Use a temporary file instead of popen to read
                               the preprocessor output
     --no-use-temp-file        Use popen (default)
  -r                           Ignored for compatibility with rc
  @<file>                      Read options from <file>
  -h --help                    Print this help message
  -V --version                 Print version information
FORMAT is one of rc, res, or coff, and is deduced from the file name
extension if not specified.  A single file name is an input file.
No input-file is stdin, default rc.  No output-file is stdout, default rc.
/usr/bin/windres: supported targets: pe-x86-64 pei-x86-64 pe-bigobj-x86-64 elf64-x86-64 elf64-l1om elf64-k1om pe-i386 pei-i386 elf32-i386 elf32-iamcu elf64-little elf64-big elf32-little elf32-big srec symbolsrec verilog tekhex binary ihex plugin
ninja: build stopped: subcommand failed.




Determining if the C compiler works failed with the following output:
Change Dir: C:/Users/Lyzander Johnson/Documents/GitHub/TGoL/lib/CMakeFiles/CMakeScratch/TryCompile-qh17qb

Run Build Command(s):C:/Program Files/Microsoft Visual Studio/2022/Community/Common7/IDE/CommonExtensions/Microsoft/CMake/Ninja/ninja.exe cmTC_56258 && [1/2] Building C object CMakeFiles\cmTC_56258.dir\testCCompiler.c.obj
cl : Command line warning D9002 : ignoring unknown option '-g'
[2/2] Linking C executable cmTC_56258.exe
FAILED: cmTC_56258.exe 
cmd.exe /C "cd . && "C:\Program Files\Microsoft Visual Studio\2022\Community\Common7\IDE\CommonExtensions\Microsoft\CMake\CMake\bin\cmake.exe" -E vs_link_exe --intdir=CMakeFiles\cmTC_56258.dir --rc=C:\msys64\usr\bin\windres.exe --mt=C:\PROGRA~2\WI3CF2~1\10\bin\100226~1.0\x64\mt.exe --manifests  -- C:\msys64\usr\bin\ld.exe /nologo CMakeFiles\cmTC_56258.dir\testCCompiler.c.obj  /out:cmTC_56258.exe /implib:cmTC_56258.lib /pdb:cmTC_56258.pdb /version:0.0 /debug /INCREMENTAL /subsystem:console  kernel32.lib user32.lib gdi32.lib winspool.lib shell32.lib ole32.lib oleaut32.lib uuid.lib comdlg32.lib advapi32.lib && cd ."
RC Pass 1: command "C:\msys64\usr\bin\windres.exe /fo CMakeFiles\cmTC_56258.dir/manifest.res CMakeFiles\cmTC_56258.dir/manifest.rc" failed (exit code 1) with the following output:
Usage: /usr/bin/windres [option(s)] [input-file] [output-file]
 The options are:
  -i --input=<file>            Name input file
  -o --output=<file>           Name output file
  -J --input-format=<format>   Specify input format
  -O --output-format=<format>  Specify output format
  -F --target=<target>         Specify COFF target
     --preprocessor=<program>  Program to use to preprocess rc file
     --preprocessor-arg=<arg>  Additional preprocessor argument
  -I --include-dir=<dir>       Include directory when preprocessing rc file
  -D --define <sym>[=<val>]    Define SYM when preprocessing rc file
  -U --undefine <sym>          Undefine SYM when preprocessing rc file
  -v --verbose                 Verbose - tells you what it's doing
  -c --codepage=<codepage>     Specify default codepage
  -l --language=<val>          Set language when reading rc file
     --use-temp-file           Use a temporary file instead of popen to read
                               the preprocessor output
     --no-use-temp-file        Use popen (default)
  -r                           Ignored for compatibility with rc
  @<file>                      Read options from <file>
  -h --help                    Print this help message
  -V --version                 Print version information
FORMAT is one of rc, res, or coff, and is deduced from the file name
extension if not specified.  A single file name is an input file.
No input-file is stdin, default rc.  No output-file is stdout, default rc.
/usr/bin/windres: supported targets: pe-x86-64 pei-x86-64 pe-bigobj-x86-64 elf64-x86-64 elf64-l1om elf64-k1om pe-i386 pei-i386 elf32-i386 elf32-iamcu elf64-little elf64-big elf32-little elf32-big srec symbolsrec verilog tekhex binary ihex plugin
ninja: build stopped: subcommand failed.



